<?xml version="1.0" encoding="UTF-8"?>
<!-- Generated by org.testng.reporters.JUnitXMLReporter -->
<testsuite hostname="DESKTOP-B75F35K" ignored="4" name="Default test" tests="18" failures="0" timestamp="22 Nov 2018 04:58:15 GMT" time="405.622" errors="0">
  <testcase name="ValidateLogin" time="71.393" classname="smokeTest.ValidateSmokeTest"/>
  <testcase name="ValidateMarkITPlacePage" time="3.278" classname="smokeTest.ValidateSmokeTest"/>
  <testcase name="ValidateManageTab" time="7.921" classname="smokeTest.ValidateSmokeTest"/>
  <testcase name="ValidateInsightTab" time="3.87" classname="smokeTest.ValidateSmokeTest"/>
  <testcase name="ValidateNotificationPage" time="16.789" classname="smokeTest.ValidateSmokeTest"/>
  <testcase name="ValidateLogo" time="6.071" classname="smokeTest.ValidateSmokeTest"/>
  <testcase name="ValidateMyProfile" time="34.3" classname="smokeTest.ValidateSmokeTest"/>
  <testcase name="ValidateEditProfile" time="91.419" classname="smokeTest.ValidateSmokeTest"/>
  <testcase name="ValidateChangePassword" time="19.049" classname="smokeTest.ValidateSmokeTest"/>
  <testcase name="ValidateCatalogRestriction" time="12.471" classname="smokeTest.ValidateSmokeTest"/>
  <testcase name="ValidateDomainLink" time="15.458" classname="smokeTest.ValidateSmokeTest"/>
  <testcase name="ValidateAddressPage" time="58.208" classname="smokeTest.ValidateSmokeTest"/>
  <testcase name="ValidateUsersPage" time="27.206" classname="smokeTest.ValidateSmokeTest"/>
  <testcase name="ValidateRequestTab" time="3.165" classname="smokeTest.ValidateSmokeTest"/>
  <testcase name="ValidateInviteTab" time="2.337" classname="smokeTest.ValidateSmokeTest"/>
  <testcase name="ValidateLogout" time="5.133" classname="smokeTest.ValidateSmokeTest"/>
  <testcase name="ValidateForgetPswd" time="9.584" classname="smokeTest.ValidateSmokeTest"/>
  <testcase name="ValidateRegPage" time="16.541" classname="smokeTest.ValidateSmokeTest"/>
  <testcase name="ValidateAccountSettings" time="0.0" classname="smokeTest.ValidateSmokeTest">
    <ignored/>
  </testcase> <!-- ValidateAccountSettings -->
  <testcase name="ValidateSetNotifications" time="0.0" classname="smokeTest.ValidateSmokeTest">
    <ignored/>
  </testcase> <!-- ValidateSetNotifications -->
  <testcase name="ValidateLoginUser" time="0.0" classname="smokeTest.ValidateSmokeTest">
    <ignored/>
  </testcase> <!-- ValidateLoginUser -->
  <testcase name="ValidateMyAccountList" time="0.0" classname="smokeTest.ValidateSmokeTest">
    <ignored/>
  </testcase> <!-- ValidateMyAccountList -->
</testsuite> <!-- Default test -->
